<?xml version="1.0" encoding="UTF-8" ?>
<testsuite tests="13" failures="0" name="cucumberOptions.TestRunner" time="31.633" errors="0" skipped="0">
  <properties>
[...]
</properties>
  <testcase classname="Validating G|Clubs API&apos;s" name="Verify Member able to login G|Clubs application &amp; get SID" time="10.693"/>
  <testcase classname="Validating G|Clubs API&apos;s" name="Verify Manager&apos;s able to login ERP application &amp; get SID #1" time="1.744"/>
  <testcase classname="Validating G|Clubs API&apos;s" name="Verify Manager&apos;s able to login ERP application &amp; get SID #2" time="1.532"/>
  <testcase classname="Validating G|Clubs API&apos;s" name="Verify placeOrder MT" time="1.937"/>
  <testcase classname="Validating G|Clubs API&apos;s" name="Verify MTOrder dual confirmation by Admin &amp; Finance #1" time="1.608"/>
  <testcase classname="Validating G|Clubs API&apos;s" name="Verify MTOrder dual confirmation by Admin &amp; Finance #2" time="1.893"/>
  <testcase classname="Validating G|Clubs API&apos;s" name="Verify getMember info" time="1.709"/>
  <testcase classname="Validating G|Clubs API&apos;s" name="Verify placeOrder MR" time="1.791"/>
  <testcase classname="Validating G|Clubs API&apos;s" name="Verify MROrder dual confirmation by Admin &amp; Finance #1" time="1.66"/>
  <testcase classname="Validating G|Clubs API&apos;s" name="Verify MROrder dual confirmation by Admin &amp; Finance #2" time="1.82"/>
  <testcase classname="Validating G|Clubs API&apos;s" name="Verify placeOrder MU" time="1.73"/>
  <testcase classname="Validating G|Clubs API&apos;s" name="Verify MUOrder dual confirmation by Admin &amp; Finance #1" time="1.505"/>
  <testcase classname="Validating G|Clubs API&apos;s" name="Verify MUOrder dual confirmation by Admin &amp; Finance #2" time="2.011"/>
</testsuite>